2024-10-28T08:15:31.599+05:30  INFO 30084 --- [api-gateway] [restartedMain] c.e.apigateway.ApiGatewayApplication     : Starting ApiGatewayApplication using Java 21.0.4 with PID 30084 (D:\NCS\NCS FSD PROJECT\JAVA\api-gateway\target\classes started by P1365712 in D:\NCS\NCS FSD PROJECT\JAVA\api-gateway)
2024-10-28T08:15:31.616+05:30  INFO 30084 --- [api-gateway] [restartedMain] c.e.apigateway.ApiGatewayApplication     : No active profile set, falling back to 1 default profile: "default"
2024-10-28T08:15:31.683+05:30  INFO 30084 --- [api-gateway] [restartedMain] .e.DevToolsPropertyDefaultsPostProcessor : Devtools property defaults active! Set 'spring.devtools.add-properties' to 'false' to disable
2024-10-28T08:15:31.683+05:30  INFO 30084 --- [api-gateway] [restartedMain] .e.DevToolsPropertyDefaultsPostProcessor : For additional web related logging consider setting the 'logging.level.web' property to 'DEBUG'
2024-10-28T08:15:32.363+05:30  INFO 30084 --- [api-gateway] [restartedMain] o.s.cloud.context.scope.GenericScope     : BeanFactory id=3362b00d-0206-3375-886c-b2835410c982
2024-10-28T08:15:32.412+05:30  WARN 30084 --- [api-gateway] [restartedMain] trationDelegate$BeanPostProcessorChecker : Bean 'org.springframework.cloud.client.loadbalancer.LoadBalancerAutoConfiguration$DeferringLoadBalancerInterceptorConfig' of type [org.springframework.cloud.client.loadbalancer.LoadBalancerAutoConfiguration$DeferringLoadBalancerInterceptorConfig] is not eligible for getting processed by all BeanPostProcessors (for example: not eligible for auto-proxying). The currently created BeanPostProcessor [lbRestClientPostProcessor] is declared through a non-static factory method on that class; consider declaring it as static instead.
2024-10-28T08:15:32.414+05:30  WARN 30084 --- [api-gateway] [restartedMain] trationDelegate$BeanPostProcessorChecker : Bean 'deferringLoadBalancerInterceptor' of type [org.springframework.cloud.client.loadbalancer.DeferringLoadBalancerInterceptor] is not eligible for getting processed by all BeanPostProcessors (for example: not eligible for auto-proxying). Is this bean getting eagerly injected into a currently created BeanPostProcessor [lbRestClientPostProcessor]? Check the corresponding BeanPostProcessor declaration and its dependencies.
2024-10-28T08:15:32.416+05:30  WARN 30084 --- [api-gateway] [restartedMain] trationDelegate$BeanPostProcessorChecker : Bean 'org.springframework.cloud.client.loadbalancer.reactive.LoadBalancerBeanPostProcessorAutoConfiguration' of type [org.springframework.cloud.client.loadbalancer.reactive.LoadBalancerBeanPostProcessorAutoConfiguration] is not eligible for getting processed by all BeanPostProcessors (for example: not eligible for auto-proxying). The currently created BeanPostProcessor [loadBalancerWebClientBuilderBeanPostProcessor] is declared through a non-static factory method on that class; consider declaring it as static instead.
2024-10-28T08:15:32.416+05:30  WARN 30084 --- [api-gateway] [restartedMain] trationDelegate$BeanPostProcessorChecker : Bean 'org.springframework.cloud.client.loadbalancer.reactive.LoadBalancerBeanPostProcessorAutoConfiguration$ReactorDeferringLoadBalancerFilterConfig' of type [org.springframework.cloud.client.loadbalancer.reactive.LoadBalancerBeanPostProcessorAutoConfiguration$ReactorDeferringLoadBalancerFilterConfig] is not eligible for getting processed by all BeanPostProcessors (for example: not eligible for auto-proxying). Is this bean getting eagerly injected into a currently created BeanPostProcessor [loadBalancerWebClientBuilderBeanPostProcessor]? Check the corresponding BeanPostProcessor declaration and its dependencies.
2024-10-28T08:15:32.417+05:30  WARN 30084 --- [api-gateway] [restartedMain] trationDelegate$BeanPostProcessorChecker : Bean 'reactorDeferringLoadBalancerExchangeFilterFunction' of type [org.springframework.cloud.client.loadbalancer.reactive.DeferringLoadBalancerExchangeFilterFunction] is not eligible for getting processed by all BeanPostProcessors (for example: not eligible for auto-proxying). Is this bean getting eagerly injected into a currently created BeanPostProcessor [loadBalancerWebClientBuilderBeanPostProcessor]? Check the corresponding BeanPostProcessor declaration and its dependencies.
2024-10-28T08:15:32.960+05:30  INFO 30084 --- [api-gateway] [restartedMain] o.s.c.g.r.RouteDefinitionRouteLocator    : Loaded RoutePredicateFactory [After]
2024-10-28T08:15:32.960+05:30  INFO 30084 --- [api-gateway] [restartedMain] o.s.c.g.r.RouteDefinitionRouteLocator    : Loaded RoutePredicateFactory [Before]
2024-10-28T08:15:32.960+05:30  INFO 30084 --- [api-gateway] [restartedMain] o.s.c.g.r.RouteDefinitionRouteLocator    : Loaded RoutePredicateFactory [Between]
2024-10-28T08:15:32.961+05:30  INFO 30084 --- [api-gateway] [restartedMain] o.s.c.g.r.RouteDefinitionRouteLocator    : Loaded RoutePredicateFactory [Cookie]
2024-10-28T08:15:32.961+05:30  INFO 30084 --- [api-gateway] [restartedMain] o.s.c.g.r.RouteDefinitionRouteLocator    : Loaded RoutePredicateFactory [Header]
2024-10-28T08:15:32.961+05:30  INFO 30084 --- [api-gateway] [restartedMain] o.s.c.g.r.RouteDefinitionRouteLocator    : Loaded RoutePredicateFactory [Host]
2024-10-28T08:15:32.961+05:30  INFO 30084 --- [api-gateway] [restartedMain] o.s.c.g.r.RouteDefinitionRouteLocator    : Loaded RoutePredicateFactory [Method]
2024-10-28T08:15:32.961+05:30  INFO 30084 --- [api-gateway] [restartedMain] o.s.c.g.r.RouteDefinitionRouteLocator    : Loaded RoutePredicateFactory [Path]
2024-10-28T08:15:32.961+05:30  INFO 30084 --- [api-gateway] [restartedMain] o.s.c.g.r.RouteDefinitionRouteLocator    : Loaded RoutePredicateFactory [Query]
2024-10-28T08:15:32.961+05:30  INFO 30084 --- [api-gateway] [restartedMain] o.s.c.g.r.RouteDefinitionRouteLocator    : Loaded RoutePredicateFactory [ReadBody]
2024-10-28T08:15:32.961+05:30  INFO 30084 --- [api-gateway] [restartedMain] o.s.c.g.r.RouteDefinitionRouteLocator    : Loaded RoutePredicateFactory [RemoteAddr]
2024-10-28T08:15:32.961+05:30  INFO 30084 --- [api-gateway] [restartedMain] o.s.c.g.r.RouteDefinitionRouteLocator    : Loaded RoutePredicateFactory [XForwardedRemoteAddr]
2024-10-28T08:15:32.961+05:30  INFO 30084 --- [api-gateway] [restartedMain] o.s.c.g.r.RouteDefinitionRouteLocator    : Loaded RoutePredicateFactory [Weight]
2024-10-28T08:15:32.961+05:30  INFO 30084 --- [api-gateway] [restartedMain] o.s.c.g.r.RouteDefinitionRouteLocator    : Loaded RoutePredicateFactory [CloudFoundryRouteService]
2024-10-28T08:15:33.132+05:30  WARN 30084 --- [api-gateway] [restartedMain] o.s.b.d.a.OptionalLiveReloadServer       : Unable to start LiveReload server
2024-10-28T08:15:33.161+05:30  INFO 30084 --- [api-gateway] [restartedMain] DiscoveryClientOptionalArgsConfiguration : Eureka HTTP Client uses RestTemplate.
2024-10-28T08:15:33.188+05:30  WARN 30084 --- [api-gateway] [restartedMain] iguration$LoadBalancerCaffeineWarnLogger : Spring Cloud LoadBalancer is currently working with the default cache. While this cache implementation is useful for development and tests, it's recommended to use Caffeine cache in production.You can switch to using Caffeine cache, by adding it and org.springframework.cache.caffeine.CaffeineCacheManager to the classpath.
2024-10-28T08:15:33.249+05:30  INFO 30084 --- [api-gateway] [restartedMain] o.s.c.n.eureka.InstanceInfoFactory       : Setting initial instance status as: STARTING
2024-10-28T08:15:33.267+05:30  INFO 30084 --- [api-gateway] [restartedMain] com.netflix.discovery.DiscoveryClient    : Initializing Eureka in region us-east-1
2024-10-28T08:15:33.271+05:30  INFO 30084 --- [api-gateway] [restartedMain] c.n.d.s.r.aws.ConfigClusterResolver      : Resolving eureka endpoints via configuration
2024-10-28T08:15:33.277+05:30  INFO 30084 --- [api-gateway] [restartedMain] com.netflix.discovery.DiscoveryClient    : Disable delta property : false
2024-10-28T08:15:33.277+05:30  INFO 30084 --- [api-gateway] [restartedMain] com.netflix.discovery.DiscoveryClient    : Single vip registry refresh property : null
2024-10-28T08:15:33.278+05:30  INFO 30084 --- [api-gateway] [restartedMain] com.netflix.discovery.DiscoveryClient    : Force full registry fetch : false
2024-10-28T08:15:33.278+05:30  INFO 30084 --- [api-gateway] [restartedMain] com.netflix.discovery.DiscoveryClient    : Application is null : false
2024-10-28T08:15:33.278+05:30  INFO 30084 --- [api-gateway] [restartedMain] com.netflix.discovery.DiscoveryClient    : Registered Applications size is zero : true
2024-10-28T08:15:33.278+05:30  INFO 30084 --- [api-gateway] [restartedMain] com.netflix.discovery.DiscoveryClient    : Application version is -1: true
2024-10-28T08:15:33.278+05:30  INFO 30084 --- [api-gateway] [restartedMain] com.netflix.discovery.DiscoveryClient    : Getting all instance registry info from the eureka server
2024-10-28T08:15:33.606+05:30  INFO 30084 --- [api-gateway] [restartedMain] com.netflix.discovery.DiscoveryClient    : The response status is 200
2024-10-28T08:15:33.608+05:30  INFO 30084 --- [api-gateway] [restartedMain] com.netflix.discovery.DiscoveryClient    : Starting heartbeat executor: renew interval is: 30
2024-10-28T08:15:33.609+05:30  INFO 30084 --- [api-gateway] [restartedMain] c.n.discovery.InstanceInfoReplicator     : InstanceInfoReplicator onDemand update allowed rate per min is 4
2024-10-28T08:15:33.612+05:30  INFO 30084 --- [api-gateway] [restartedMain] com.netflix.discovery.DiscoveryClient    : Discovery Client initialized at timestamp 1730083533612 with initial instances count: 4
2024-10-28T08:15:33.615+05:30  INFO 30084 --- [api-gateway] [restartedMain] o.s.c.n.e.s.EurekaServiceRegistry        : Registering application API-GATEWAY with eureka with status UP
2024-10-28T08:15:33.615+05:30  INFO 30084 --- [api-gateway] [restartedMain] com.netflix.discovery.DiscoveryClient    : Saw local status change event StatusChangeEvent [timestamp=1730083533615, current=UP, previous=STARTING]
2024-10-28T08:15:33.617+05:30  INFO 30084 --- [api-gateway] [DiscoveryClient-InstanceInfoReplicator-%d] com.netflix.discovery.DiscoveryClient    : DiscoveryClient_API-GATEWAY/NCSING4141W5HC0.mshome.net:api-gateway:8088: registering service...
2024-10-28T08:15:33.669+05:30  INFO 30084 --- [api-gateway] [DiscoveryClient-InstanceInfoReplicator-%d] com.netflix.discovery.DiscoveryClient    : DiscoveryClient_API-GATEWAY/NCSING4141W5HC0.mshome.net:api-gateway:8088 - registration status: 204
2024-10-28T08:15:33.777+05:30  INFO 30084 --- [api-gateway] [restartedMain] o.s.b.web.embedded.netty.NettyWebServer  : Netty started on port 8088 (http)
2024-10-28T08:15:33.778+05:30  INFO 30084 --- [api-gateway] [restartedMain] .s.c.n.e.s.EurekaAutoServiceRegistration : Updating port to 8088
2024-10-28T08:15:33.792+05:30  INFO 30084 --- [api-gateway] [restartedMain] c.e.apigateway.ApiGatewayApplication     : Started ApiGatewayApplication in 2.618 seconds (process running for 5.297)
2024-10-28T08:17:34.313+05:30  INFO 30084 --- [api-gateway] [reactor-http-nio-3] c.e.a.filter.JwtAuthenticationFilter     : Authorization Header: Bearer eyJhbGciOiJIUzI1NiJ9.eyJzdWIiOiJza0BnbWFpbC5jb20iLCJpYXQiOjE3MzAwODM2NDksImV4cCI6MTczMDA4NTQ0OX0.yoWH0qHbOWyoU1eW2fdMreu9O35GWv8AIO-YXGEXiVY
2024-10-28T08:17:34.313+05:30  INFO 30084 --- [api-gateway] [reactor-http-nio-3] c.e.a.filter.JwtAuthenticationFilter     : Extracted Token: eyJhbGciOiJIUzI1NiJ9.eyJzdWIiOiJza0BnbWFpbC5jb20iLCJpYXQiOjE3MzAwODM2NDksImV4cCI6MTczMDA4NTQ0OX0.yoWH0qHbOWyoU1eW2fdMreu9O35GWv8AIO-YXGEXiVY
2024-10-28T08:17:34.479+05:30  INFO 30084 --- [api-gateway] [reactor-http-nio-3] c.e.a.filter.JwtAuthenticationFilter     : JWT claims: {sub=sk@gmail.com, iat=1730083649, exp=1730085449}
2024-10-28T08:26:37.342+05:30  INFO 30084 --- [api-gateway] [AsyncResolver-bootstrap-executor-%d] c.n.d.s.r.aws.ConfigClusterResolver      : Resolving eureka endpoints via configuration
2024-10-28T08:31:37.346+05:30  INFO 30084 --- [api-gateway] [AsyncResolver-bootstrap-executor-%d] c.n.d.s.r.aws.ConfigClusterResolver      : Resolving eureka endpoints via configuration
2024-10-28T08:36:37.351+05:30  INFO 30084 --- [api-gateway] [AsyncResolver-bootstrap-executor-%d] c.n.d.s.r.aws.ConfigClusterResolver      : Resolving eureka endpoints via configuration
2024-10-28T08:41:37.366+05:30  INFO 30084 --- [api-gateway] [AsyncResolver-bootstrap-executor-%d] c.n.d.s.r.aws.ConfigClusterResolver      : Resolving eureka endpoints via configuration
2024-10-28T08:46:37.382+05:30  INFO 30084 --- [api-gateway] [AsyncResolver-bootstrap-executor-%d] c.n.d.s.r.aws.ConfigClusterResolver      : Resolving eureka endpoints via configuration
2024-10-28T08:49:22.707+05:30  INFO 30084 --- [api-gateway] [reactor-http-nio-10] c.e.a.filter.JwtAuthenticationFilter     : Authorization Header: Bearer eyJhbGciOiJIUzI1NiJ9.eyJzdWIiOiJza0BnbWFpbC5jb20iLCJpYXQiOjE3MzAwODU1NjAsImV4cCI6MTczMDA4NzM2MH0.fd-CzIPh8XhtT6BnC-spgfrj64cl5JjXSnnCldGjnaQ
2024-10-28T08:49:22.708+05:30  INFO 30084 --- [api-gateway] [reactor-http-nio-10] c.e.a.filter.JwtAuthenticationFilter     : Extracted Token: eyJhbGciOiJIUzI1NiJ9.eyJzdWIiOiJza0BnbWFpbC5jb20iLCJpYXQiOjE3MzAwODU1NjAsImV4cCI6MTczMDA4NzM2MH0.fd-CzIPh8XhtT6BnC-spgfrj64cl5JjXSnnCldGjnaQ
2024-10-28T08:49:22.709+05:30  INFO 30084 --- [api-gateway] [reactor-http-nio-10] c.e.a.filter.JwtAuthenticationFilter     : JWT claims: {sub=sk@gmail.com, iat=1730085560, exp=1730087360}
2024-10-28T08:50:28.088+05:30  INFO 30084 --- [api-gateway] [reactor-http-nio-10] c.e.a.filter.JwtAuthenticationFilter     : Authorization Header: Bearer eyJhbGciOiJIUzI1NiJ9.eyJzdWIiOiJza0BnbWFpbC5jb20iLCJpYXQiOjE3MzAwODU1NjAsImV4cCI6MTczMDA4NzM2MH0.fd-CzIPh8XhtT6BnC-spgfrj64cl5JjXSnnCldGjnaQ
2024-10-28T08:50:28.089+05:30  INFO 30084 --- [api-gateway] [reactor-http-nio-10] c.e.a.filter.JwtAuthenticationFilter     : Extracted Token: eyJhbGciOiJIUzI1NiJ9.eyJzdWIiOiJza0BnbWFpbC5jb20iLCJpYXQiOjE3MzAwODU1NjAsImV4cCI6MTczMDA4NzM2MH0.fd-CzIPh8XhtT6BnC-spgfrj64cl5JjXSnnCldGjnaQ
2024-10-28T08:50:28.089+05:30  INFO 30084 --- [api-gateway] [reactor-http-nio-10] c.e.a.filter.JwtAuthenticationFilter     : JWT claims: {sub=sk@gmail.com, iat=1730085560, exp=1730087360}
2024-10-28T08:50:34.896+05:30  INFO 30084 --- [api-gateway] [reactor-http-nio-10] c.e.a.filter.JwtAuthenticationFilter     : Authorization Header: Bearer eyJhbGciOiJIUzI1NiJ9.eyJzdWIiOiJza0BnbWFpbC5jb20iLCJpYXQiOjE3MzAwODU1NjAsImV4cCI6MTczMDA4NzM2MH0.fd-CzIPh8XhtT6BnC-spgfrj64cl5JjXSnnCldGjnaQ
2024-10-28T08:50:34.896+05:30  INFO 30084 --- [api-gateway] [reactor-http-nio-10] c.e.a.filter.JwtAuthenticationFilter     : Extracted Token: eyJhbGciOiJIUzI1NiJ9.eyJzdWIiOiJza0BnbWFpbC5jb20iLCJpYXQiOjE3MzAwODU1NjAsImV4cCI6MTczMDA4NzM2MH0.fd-CzIPh8XhtT6BnC-spgfrj64cl5JjXSnnCldGjnaQ
2024-10-28T08:50:34.896+05:30  INFO 30084 --- [api-gateway] [reactor-http-nio-10] c.e.a.filter.JwtAuthenticationFilter     : JWT claims: {sub=sk@gmail.com, iat=1730085560, exp=1730087360}
2024-10-28T08:51:26.944+05:30  INFO 30084 --- [api-gateway] [reactor-http-nio-10] c.e.a.filter.JwtAuthenticationFilter     : Authorization Header: Bearer eyJhbGciOiJIUzI1NiJ9.eyJzdWIiOiJza0BnbWFpbC5jb20iLCJpYXQiOjE3MzAwODU1NjAsImV4cCI6MTczMDA4NzM2MH0.fd-CzIPh8XhtT6BnC-spgfrj64cl5JjXSnnCldGjnaQ
2024-10-28T08:51:26.944+05:30  INFO 30084 --- [api-gateway] [reactor-http-nio-10] c.e.a.filter.JwtAuthenticationFilter     : Extracted Token: eyJhbGciOiJIUzI1NiJ9.eyJzdWIiOiJza0BnbWFpbC5jb20iLCJpYXQiOjE3MzAwODU1NjAsImV4cCI6MTczMDA4NzM2MH0.fd-CzIPh8XhtT6BnC-spgfrj64cl5JjXSnnCldGjnaQ
2024-10-28T08:51:26.945+05:30  INFO 30084 --- [api-gateway] [reactor-http-nio-10] c.e.a.filter.JwtAuthenticationFilter     : JWT claims: {sub=sk@gmail.com, iat=1730085560, exp=1730087360}
2024-10-28T08:51:37.384+05:30  INFO 30084 --- [api-gateway] [AsyncResolver-bootstrap-executor-%d] c.n.d.s.r.aws.ConfigClusterResolver      : Resolving eureka endpoints via configuration
2024-10-28T08:56:37.397+05:30  INFO 30084 --- [api-gateway] [AsyncResolver-bootstrap-executor-%d] c.n.d.s.r.aws.ConfigClusterResolver      : Resolving eureka endpoints via configuration
2024-10-28T09:01:37.400+05:30  INFO 30084 --- [api-gateway] [AsyncResolver-bootstrap-executor-%d] c.n.d.s.r.aws.ConfigClusterResolver      : Resolving eureka endpoints via configuration
2024-10-28T09:06:37.408+05:30  INFO 30084 --- [api-gateway] [AsyncResolver-bootstrap-executor-%d] c.n.d.s.r.aws.ConfigClusterResolver      : Resolving eureka endpoints via configuration
2024-10-28T09:11:37.418+05:30  INFO 30084 --- [api-gateway] [AsyncResolver-bootstrap-executor-%d] c.n.d.s.r.aws.ConfigClusterResolver      : Resolving eureka endpoints via configuration
2024-10-28T09:16:37.432+05:30  INFO 30084 --- [api-gateway] [AsyncResolver-bootstrap-executor-%d] c.n.d.s.r.aws.ConfigClusterResolver      : Resolving eureka endpoints via configuration
2024-10-28T09:21:37.434+05:30  INFO 30084 --- [api-gateway] [AsyncResolver-bootstrap-executor-%d] c.n.d.s.r.aws.ConfigClusterResolver      : Resolving eureka endpoints via configuration
2024-10-28T09:26:37.444+05:30  INFO 30084 --- [api-gateway] [AsyncResolver-bootstrap-executor-%d] c.n.d.s.r.aws.ConfigClusterResolver      : Resolving eureka endpoints via configuration
2024-10-28T09:31:37.450+05:30  INFO 30084 --- [api-gateway] [AsyncResolver-bootstrap-executor-%d] c.n.d.s.r.aws.ConfigClusterResolver      : Resolving eureka endpoints via configuration
2024-10-28T09:36:37.455+05:30  INFO 30084 --- [api-gateway] [AsyncResolver-bootstrap-executor-%d] c.n.d.s.r.aws.ConfigClusterResolver      : Resolving eureka endpoints via configuration
2024-10-28T09:41:37.463+05:30  INFO 30084 --- [api-gateway] [AsyncResolver-bootstrap-executor-%d] c.n.d.s.r.aws.ConfigClusterResolver      : Resolving eureka endpoints via configuration
2024-10-28T09:46:37.480+05:30  INFO 30084 --- [api-gateway] [AsyncResolver-bootstrap-executor-%d] c.n.d.s.r.aws.ConfigClusterResolver      : Resolving eureka endpoints via configuration
2024-10-28T09:50:20.387+05:30  INFO 30084 --- [api-gateway] [reactor-http-nio-8] c.e.a.filter.JwtAuthenticationFilter     : Authorization Header: Bearer eyJhbGciOiJIUzI1NiJ9.eyJzdWIiOiJza0BnbWFpbC5jb20iLCJpYXQiOjE3MzAwODkyMDcsImV4cCI6MTczMDA5MTAwN30.tDV7Mzsv35xmt87uJQyV5vgRughIWlRL9O-kYmFOeZc
2024-10-28T09:50:20.387+05:30  INFO 30084 --- [api-gateway] [reactor-http-nio-8] c.e.a.filter.JwtAuthenticationFilter     : Extracted Token: eyJhbGciOiJIUzI1NiJ9.eyJzdWIiOiJza0BnbWFpbC5jb20iLCJpYXQiOjE3MzAwODkyMDcsImV4cCI6MTczMDA5MTAwN30.tDV7Mzsv35xmt87uJQyV5vgRughIWlRL9O-kYmFOeZc
2024-10-28T09:50:20.390+05:30  INFO 30084 --- [api-gateway] [reactor-http-nio-8] c.e.a.filter.JwtAuthenticationFilter     : JWT claims: {sub=sk@gmail.com, iat=1730089207, exp=1730091007}
2024-10-28T09:51:37.487+05:30  INFO 30084 --- [api-gateway] [AsyncResolver-bootstrap-executor-%d] c.n.d.s.r.aws.ConfigClusterResolver      : Resolving eureka endpoints via configuration
2024-10-28T09:56:37.502+05:30  INFO 30084 --- [api-gateway] [AsyncResolver-bootstrap-executor-%d] c.n.d.s.r.aws.ConfigClusterResolver      : Resolving eureka endpoints via configuration
2024-10-28T10:01:37.513+05:30  INFO 30084 --- [api-gateway] [AsyncResolver-bootstrap-executor-%d] c.n.d.s.r.aws.ConfigClusterResolver      : Resolving eureka endpoints via configuration
2024-10-28T10:03:30.256+05:30  INFO 30084 --- [api-gateway] [RMI TCP Connection(108)-127.0.0.1] inMXBeanRegistrar$SpringApplicationAdmin : Application shutdown requested.
2024-10-28T10:03:30.259+05:30  INFO 30084 --- [api-gateway] [RMI TCP Connection(108)-127.0.0.1] o.s.c.n.e.s.EurekaServiceRegistry        : Unregistering application API-GATEWAY with eureka with status DOWN
2024-10-28T10:03:30.259+05:30  INFO 30084 --- [api-gateway] [RMI TCP Connection(108)-127.0.0.1] com.netflix.discovery.DiscoveryClient    : Saw local status change event StatusChangeEvent [timestamp=1730090010259, current=DOWN, previous=UP]
2024-10-28T10:03:30.259+05:30  INFO 30084 --- [api-gateway] [DiscoveryClient-InstanceInfoReplicator-%d] com.netflix.discovery.DiscoveryClient    : DiscoveryClient_API-GATEWAY/NCSING4141W5HC0.mshome.net:api-gateway:8088: registering service...
2024-10-28T10:03:30.282+05:30  INFO 30084 --- [api-gateway] [RMI TCP Connection(108)-127.0.0.1] com.netflix.discovery.DiscoveryClient    : Shutting down DiscoveryClient ...
2024-10-28T10:03:30.286+05:30  INFO 30084 --- [api-gateway] [DiscoveryClient-InstanceInfoReplicator-%d] com.netflix.discovery.DiscoveryClient    : DiscoveryClient_API-GATEWAY/NCSING4141W5HC0.mshome.net:api-gateway:8088 - registration status: 204
2024-10-28T10:03:30.288+05:30  INFO 30084 --- [api-gateway] [RMI TCP Connection(108)-127.0.0.1] com.netflix.discovery.DiscoveryClient    : Unregistering ...
2024-10-28T10:03:30.301+05:30  INFO 30084 --- [api-gateway] [RMI TCP Connection(108)-127.0.0.1] com.netflix.discovery.DiscoveryClient    : DiscoveryClient_API-GATEWAY/NCSING4141W5HC0.mshome.net:api-gateway:8088 - deregister  status: 200
2024-10-28T10:03:30.301+05:30  INFO 30084 --- [api-gateway] [RMI TCP Connection(108)-127.0.0.1] com.netflix.discovery.DiscoveryClient    : Completed shut down of DiscoveryClient
2024-10-28T10:13:43.041+05:30  INFO 20836 --- [api-gateway] [restartedMain] c.e.apigateway.ApiGatewayApplication     : Starting ApiGatewayApplication using Java 21.0.4 with PID 20836 (D:\NCS\NCS FSD PROJECT\JAVA\api-gateway\target\classes started by P1365712 in D:\NCS\NCS FSD PROJECT\JAVA\api-gateway)
2024-10-28T10:13:43.048+05:30  INFO 20836 --- [api-gateway] [restartedMain] c.e.apigateway.ApiGatewayApplication     : No active profile set, falling back to 1 default profile: "default"
2024-10-28T10:13:43.117+05:30  INFO 20836 --- [api-gateway] [restartedMain] .e.DevToolsPropertyDefaultsPostProcessor : Devtools property defaults active! Set 'spring.devtools.add-properties' to 'false' to disable
2024-10-28T10:13:43.118+05:30  INFO 20836 --- [api-gateway] [restartedMain] .e.DevToolsPropertyDefaultsPostProcessor : For additional web related logging consider setting the 'logging.level.web' property to 'DEBUG'
2024-10-28T10:13:44.555+05:30  INFO 20836 --- [api-gateway] [restartedMain] o.s.cloud.context.scope.GenericScope     : BeanFactory id=3362b00d-0206-3375-886c-b2835410c982
2024-10-28T10:13:44.674+05:30  WARN 20836 --- [api-gateway] [restartedMain] trationDelegate$BeanPostProcessorChecker : Bean 'org.springframework.cloud.client.loadbalancer.LoadBalancerAutoConfiguration$DeferringLoadBalancerInterceptorConfig' of type [org.springframework.cloud.client.loadbalancer.LoadBalancerAutoConfiguration$DeferringLoadBalancerInterceptorConfig] is not eligible for getting processed by all BeanPostProcessors (for example: not eligible for auto-proxying). The currently created BeanPostProcessor [lbRestClientPostProcessor] is declared through a non-static factory method on that class; consider declaring it as static instead.
2024-10-28T10:13:44.679+05:30  WARN 20836 --- [api-gateway] [restartedMain] trationDelegate$BeanPostProcessorChecker : Bean 'deferringLoadBalancerInterceptor' of type [org.springframework.cloud.client.loadbalancer.DeferringLoadBalancerInterceptor] is not eligible for getting processed by all BeanPostProcessors (for example: not eligible for auto-proxying). Is this bean getting eagerly injected into a currently created BeanPostProcessor [lbRestClientPostProcessor]? Check the corresponding BeanPostProcessor declaration and its dependencies.
2024-10-28T10:13:44.684+05:30  WARN 20836 --- [api-gateway] [restartedMain] trationDelegate$BeanPostProcessorChecker : Bean 'org.springframework.cloud.client.loadbalancer.reactive.LoadBalancerBeanPostProcessorAutoConfiguration' of type [org.springframework.cloud.client.loadbalancer.reactive.LoadBalancerBeanPostProcessorAutoConfiguration] is not eligible for getting processed by all BeanPostProcessors (for example: not eligible for auto-proxying). The currently created BeanPostProcessor [loadBalancerWebClientBuilderBeanPostProcessor] is declared through a non-static factory method on that class; consider declaring it as static instead.
2024-10-28T10:13:44.687+05:30  WARN 20836 --- [api-gateway] [restartedMain] trationDelegate$BeanPostProcessorChecker : Bean 'org.springframework.cloud.client.loadbalancer.reactive.LoadBalancerBeanPostProcessorAutoConfiguration$ReactorDeferringLoadBalancerFilterConfig' of type [org.springframework.cloud.client.loadbalancer.reactive.LoadBalancerBeanPostProcessorAutoConfiguration$ReactorDeferringLoadBalancerFilterConfig] is not eligible for getting processed by all BeanPostProcessors (for example: not eligible for auto-proxying). Is this bean getting eagerly injected into a currently created BeanPostProcessor [loadBalancerWebClientBuilderBeanPostProcessor]? Check the corresponding BeanPostProcessor declaration and its dependencies.
2024-10-28T10:13:44.692+05:30  WARN 20836 --- [api-gateway] [restartedMain] trationDelegate$BeanPostProcessorChecker : Bean 'reactorDeferringLoadBalancerExchangeFilterFunction' of type [org.springframework.cloud.client.loadbalancer.reactive.DeferringLoadBalancerExchangeFilterFunction] is not eligible for getting processed by all BeanPostProcessors (for example: not eligible for auto-proxying). Is this bean getting eagerly injected into a currently created BeanPostProcessor [loadBalancerWebClientBuilderBeanPostProcessor]? Check the corresponding BeanPostProcessor declaration and its dependencies.
2024-10-28T10:13:46.279+05:30  INFO 20836 --- [api-gateway] [restartedMain] o.s.c.g.r.RouteDefinitionRouteLocator    : Loaded RoutePredicateFactory [After]
2024-10-28T10:13:46.279+05:30  INFO 20836 --- [api-gateway] [restartedMain] o.s.c.g.r.RouteDefinitionRouteLocator    : Loaded RoutePredicateFactory [Before]
2024-10-28T10:13:46.280+05:30  INFO 20836 --- [api-gateway] [restartedMain] o.s.c.g.r.RouteDefinitionRouteLocator    : Loaded RoutePredicateFactory [Between]
2024-10-28T10:13:46.280+05:30  INFO 20836 --- [api-gateway] [restartedMain] o.s.c.g.r.RouteDefinitionRouteLocator    : Loaded RoutePredicateFactory [Cookie]
2024-10-28T10:13:46.280+05:30  INFO 20836 --- [api-gateway] [restartedMain] o.s.c.g.r.RouteDefinitionRouteLocator    : Loaded RoutePredicateFactory [Header]
2024-10-28T10:13:46.280+05:30  INFO 20836 --- [api-gateway] [restartedMain] o.s.c.g.r.RouteDefinitionRouteLocator    : Loaded RoutePredicateFactory [Host]
2024-10-28T10:13:46.280+05:30  INFO 20836 --- [api-gateway] [restartedMain] o.s.c.g.r.RouteDefinitionRouteLocator    : Loaded RoutePredicateFactory [Method]
2024-10-28T10:13:46.280+05:30  INFO 20836 --- [api-gateway] [restartedMain] o.s.c.g.r.RouteDefinitionRouteLocator    : Loaded RoutePredicateFactory [Path]
2024-10-28T10:13:46.280+05:30  INFO 20836 --- [api-gateway] [restartedMain] o.s.c.g.r.RouteDefinitionRouteLocator    : Loaded RoutePredicateFactory [Query]
2024-10-28T10:13:46.280+05:30  INFO 20836 --- [api-gateway] [restartedMain] o.s.c.g.r.RouteDefinitionRouteLocator    : Loaded RoutePredicateFactory [ReadBody]
2024-10-28T10:13:46.280+05:30  INFO 20836 --- [api-gateway] [restartedMain] o.s.c.g.r.RouteDefinitionRouteLocator    : Loaded RoutePredicateFactory [RemoteAddr]
2024-10-28T10:13:46.280+05:30  INFO 20836 --- [api-gateway] [restartedMain] o.s.c.g.r.RouteDefinitionRouteLocator    : Loaded RoutePredicateFactory [XForwardedRemoteAddr]
2024-10-28T10:13:46.280+05:30  INFO 20836 --- [api-gateway] [restartedMain] o.s.c.g.r.RouteDefinitionRouteLocator    : Loaded RoutePredicateFactory [Weight]
2024-10-28T10:13:46.280+05:30  INFO 20836 --- [api-gateway] [restartedMain] o.s.c.g.r.RouteDefinitionRouteLocator    : Loaded RoutePredicateFactory [CloudFoundryRouteService]
2024-10-28T10:13:46.499+05:30  WARN 20836 --- [api-gateway] [restartedMain] o.s.b.d.a.OptionalLiveReloadServer       : Unable to start LiveReload server
2024-10-28T10:13:46.535+05:30  INFO 20836 --- [api-gateway] [restartedMain] DiscoveryClientOptionalArgsConfiguration : Eureka HTTP Client uses RestTemplate.
2024-10-28T10:13:46.584+05:30  WARN 20836 --- [api-gateway] [restartedMain] iguration$LoadBalancerCaffeineWarnLogger : Spring Cloud LoadBalancer is currently working with the default cache. While this cache implementation is useful for development and tests, it's recommended to use Caffeine cache in production.You can switch to using Caffeine cache, by adding it and org.springframework.cache.caffeine.CaffeineCacheManager to the classpath.
2024-10-28T10:13:46.658+05:30  INFO 20836 --- [api-gateway] [restartedMain] o.s.c.n.eureka.InstanceInfoFactory       : Setting initial instance status as: STARTING
2024-10-28T10:13:46.689+05:30  INFO 20836 --- [api-gateway] [restartedMain] com.netflix.discovery.DiscoveryClient    : Initializing Eureka in region us-east-1
2024-10-28T10:13:46.707+05:30  INFO 20836 --- [api-gateway] [restartedMain] c.n.d.s.r.aws.ConfigClusterResolver      : Resolving eureka endpoints via configuration
2024-10-28T10:13:46.728+05:30  INFO 20836 --- [api-gateway] [restartedMain] com.netflix.discovery.DiscoveryClient    : Disable delta property : false
2024-10-28T10:13:46.729+05:30  INFO 20836 --- [api-gateway] [restartedMain] com.netflix.discovery.DiscoveryClient    : Single vip registry refresh property : null
2024-10-28T10:13:46.729+05:30  INFO 20836 --- [api-gateway] [restartedMain] com.netflix.discovery.DiscoveryClient    : Force full registry fetch : false
2024-10-28T10:13:46.729+05:30  INFO 20836 --- [api-gateway] [restartedMain] com.netflix.discovery.DiscoveryClient    : Application is null : false
2024-10-28T10:13:46.729+05:30  INFO 20836 --- [api-gateway] [restartedMain] com.netflix.discovery.DiscoveryClient    : Registered Applications size is zero : true
2024-10-28T10:13:46.729+05:30  INFO 20836 --- [api-gateway] [restartedMain] com.netflix.discovery.DiscoveryClient    : Application version is -1: true
2024-10-28T10:13:46.729+05:30  INFO 20836 --- [api-gateway] [restartedMain] com.netflix.discovery.DiscoveryClient    : Getting all instance registry info from the eureka server
2024-10-28T10:13:47.337+05:30  INFO 20836 --- [api-gateway] [restartedMain] com.netflix.discovery.DiscoveryClient    : The response status is 200
2024-10-28T10:13:47.340+05:30  INFO 20836 --- [api-gateway] [restartedMain] com.netflix.discovery.DiscoveryClient    : Starting heartbeat executor: renew interval is: 30
2024-10-28T10:13:47.346+05:30  INFO 20836 --- [api-gateway] [restartedMain] c.n.discovery.InstanceInfoReplicator     : InstanceInfoReplicator onDemand update allowed rate per min is 4
2024-10-28T10:13:47.348+05:30  INFO 20836 --- [api-gateway] [restartedMain] com.netflix.discovery.DiscoveryClient    : Discovery Client initialized at timestamp 1730090627347 with initial instances count: 4
2024-10-28T10:13:47.357+05:30  INFO 20836 --- [api-gateway] [restartedMain] o.s.c.n.e.s.EurekaServiceRegistry        : Registering application API-GATEWAY with eureka with status UP
2024-10-28T10:13:47.358+05:30  INFO 20836 --- [api-gateway] [restartedMain] com.netflix.discovery.DiscoveryClient    : Saw local status change event StatusChangeEvent [timestamp=1730090627358, current=UP, previous=STARTING]
2024-10-28T10:13:47.363+05:30  INFO 20836 --- [api-gateway] [DiscoveryClient-InstanceInfoReplicator-%d] com.netflix.discovery.DiscoveryClient    : DiscoveryClient_API-GATEWAY/NCSING4141W5HC0.ncs.corp.int-ads:api-gateway:8088: registering service...
2024-10-28T10:13:47.425+05:30  INFO 20836 --- [api-gateway] [DiscoveryClient-InstanceInfoReplicator-%d] com.netflix.discovery.DiscoveryClient    : DiscoveryClient_API-GATEWAY/NCSING4141W5HC0.ncs.corp.int-ads:api-gateway:8088 - registration status: 204
2024-10-28T10:13:47.646+05:30  INFO 20836 --- [api-gateway] [restartedMain] o.s.b.web.embedded.netty.NettyWebServer  : Netty started on port 8088 (http)
2024-10-28T10:13:47.648+05:30  INFO 20836 --- [api-gateway] [restartedMain] .s.c.n.e.s.EurekaAutoServiceRegistration : Updating port to 8088
2024-10-28T10:13:47.678+05:30  INFO 20836 --- [api-gateway] [restartedMain] c.e.apigateway.ApiGatewayApplication     : Started ApiGatewayApplication in 5.469 seconds (process running for 6.72)
2024-10-28T10:15:54.516+05:30  INFO 20836 --- [api-gateway] [reactor-http-nio-3] c.e.a.filter.JwtAuthenticationFilter     : Authorization Header: Bearer eyJhbGciOiJIUzI1NiJ9.eyJzdWIiOiJza0BnbWFpbC5jb20iLCJpYXQiOjE3MzAwOTA3NTAsImV4cCI6MTczMDA5MjU1MH0.5jGbjSIMQ3FgWX9hqPqlNHZBWCq3CjcDcgdwbBA146M
2024-10-28T10:15:54.518+05:30  INFO 20836 --- [api-gateway] [reactor-http-nio-3] c.e.a.filter.JwtAuthenticationFilter     : Extracted Token: eyJhbGciOiJIUzI1NiJ9.eyJzdWIiOiJza0BnbWFpbC5jb20iLCJpYXQiOjE3MzAwOTA3NTAsImV4cCI6MTczMDA5MjU1MH0.5jGbjSIMQ3FgWX9hqPqlNHZBWCq3CjcDcgdwbBA146M
2024-10-28T10:15:54.988+05:30  INFO 20836 --- [api-gateway] [reactor-http-nio-3] c.e.a.filter.JwtAuthenticationFilter     : JWT claims: {sub=sk@gmail.com, iat=1730090750, exp=1730092550}
2024-10-28T10:16:35.078+05:30  INFO 20836 --- [api-gateway] [reactor-http-nio-4] c.e.a.filter.JwtAuthenticationFilter     : Authorization Header: Bearer eyJhbGciOiJIUzI1NiJ9.eyJzdWIiOiJza0BnbWFpbC5jb20iLCJpYXQiOjE3MzAwOTA3OTUsImV4cCI6MTczMDA5MjU5NX0.74JKtqCZh6Dz-aVu-ha3tEy6K-IuU00vCk9mZRq6i8o
2024-10-28T10:16:35.079+05:30  INFO 20836 --- [api-gateway] [reactor-http-nio-4] c.e.a.filter.JwtAuthenticationFilter     : Extracted Token: eyJhbGciOiJIUzI1NiJ9.eyJzdWIiOiJza0BnbWFpbC5jb20iLCJpYXQiOjE3MzAwOTA3OTUsImV4cCI6MTczMDA5MjU5NX0.74JKtqCZh6Dz-aVu-ha3tEy6K-IuU00vCk9mZRq6i8o
2024-10-28T10:16:35.080+05:30  INFO 20836 --- [api-gateway] [reactor-http-nio-4] c.e.a.filter.JwtAuthenticationFilter     : JWT claims: {sub=sk@gmail.com, iat=1730090795, exp=1730092595}
2024-10-28T10:16:41.537+05:30  INFO 20836 --- [api-gateway] [reactor-http-nio-3] c.e.a.filter.JwtAuthenticationFilter     : Authorization Header: Bearer eyJhbGciOiJIUzI1NiJ9.eyJzdWIiOiJza0BnbWFpbC5jb20iLCJpYXQiOjE3MzAwOTA3OTUsImV4cCI6MTczMDA5MjU5NX0.74JKtqCZh6Dz-aVu-ha3tEy6K-IuU00vCk9mZRq6i8o
2024-10-28T10:16:41.537+05:30  INFO 20836 --- [api-gateway] [reactor-http-nio-3] c.e.a.filter.JwtAuthenticationFilter     : Extracted Token: eyJhbGciOiJIUzI1NiJ9.eyJzdWIiOiJza0BnbWFpbC5jb20iLCJpYXQiOjE3MzAwOTA3OTUsImV4cCI6MTczMDA5MjU5NX0.74JKtqCZh6Dz-aVu-ha3tEy6K-IuU00vCk9mZRq6i8o
2024-10-28T10:16:41.539+05:30  INFO 20836 --- [api-gateway] [reactor-http-nio-3] c.e.a.filter.JwtAuthenticationFilter     : JWT claims: {sub=sk@gmail.com, iat=1730090795, exp=1730092595}
2024-10-28T10:16:44.770+05:30  INFO 20836 --- [api-gateway] [reactor-http-nio-3] c.e.a.filter.JwtAuthenticationFilter     : Authorization Header: Bearer eyJhbGciOiJIUzI1NiJ9.eyJzdWIiOiJza0BnbWFpbC5jb20iLCJpYXQiOjE3MzAwOTA3OTUsImV4cCI6MTczMDA5MjU5NX0.74JKtqCZh6Dz-aVu-ha3tEy6K-IuU00vCk9mZRq6i8o
2024-10-28T10:16:44.771+05:30  INFO 20836 --- [api-gateway] [reactor-http-nio-3] c.e.a.filter.JwtAuthenticationFilter     : Extracted Token: eyJhbGciOiJIUzI1NiJ9.eyJzdWIiOiJza0BnbWFpbC5jb20iLCJpYXQiOjE3MzAwOTA3OTUsImV4cCI6MTczMDA5MjU5NX0.74JKtqCZh6Dz-aVu-ha3tEy6K-IuU00vCk9mZRq6i8o
2024-10-28T10:16:44.772+05:30  INFO 20836 --- [api-gateway] [reactor-http-nio-3] c.e.a.filter.JwtAuthenticationFilter     : JWT claims: {sub=sk@gmail.com, iat=1730090795, exp=1730092595}
2024-10-28T10:16:44.799+05:30  INFO 20836 --- [api-gateway] [reactor-http-nio-3] c.e.a.filter.JwtAuthenticationFilter     : Authorization Header: Bearer eyJhbGciOiJIUzI1NiJ9.eyJzdWIiOiJza0BnbWFpbC5jb20iLCJpYXQiOjE3MzAwOTA3OTUsImV4cCI6MTczMDA5MjU5NX0.74JKtqCZh6Dz-aVu-ha3tEy6K-IuU00vCk9mZRq6i8o
2024-10-28T10:16:44.799+05:30  INFO 20836 --- [api-gateway] [reactor-http-nio-3] c.e.a.filter.JwtAuthenticationFilter     : Extracted Token: eyJhbGciOiJIUzI1NiJ9.eyJzdWIiOiJza0BnbWFpbC5jb20iLCJpYXQiOjE3MzAwOTA3OTUsImV4cCI6MTczMDA5MjU5NX0.74JKtqCZh6Dz-aVu-ha3tEy6K-IuU00vCk9mZRq6i8o
2024-10-28T10:16:44.800+05:30  INFO 20836 --- [api-gateway] [reactor-http-nio-3] c.e.a.filter.JwtAuthenticationFilter     : JWT claims: {sub=sk@gmail.com, iat=1730090795, exp=1730092595}
2024-10-28T10:18:46.742+05:30  INFO 20836 --- [api-gateway] [AsyncResolver-bootstrap-executor-%d] c.n.d.s.r.aws.ConfigClusterResolver      : Resolving eureka endpoints via configuration
2024-10-28T10:23:46.751+05:30  INFO 20836 --- [api-gateway] [AsyncResolver-bootstrap-executor-%d] c.n.d.s.r.aws.ConfigClusterResolver      : Resolving eureka endpoints via configuration
2024-10-28T10:28:46.759+05:30  INFO 20836 --- [api-gateway] [AsyncResolver-bootstrap-executor-%d] c.n.d.s.r.aws.ConfigClusterResolver      : Resolving eureka endpoints via configuration
2024-10-28T10:33:46.762+05:30  INFO 20836 --- [api-gateway] [AsyncResolver-bootstrap-executor-%d] c.n.d.s.r.aws.ConfigClusterResolver      : Resolving eureka endpoints via configuration
2024-10-28T10:34:40.443+05:30  INFO 20836 --- [api-gateway] [reactor-http-nio-7] c.e.a.filter.JwtAuthenticationFilter     : Authorization Header: Bearer eyJhbGciOiJIUzI1NiJ9.eyJzdWIiOiJza0BnbWFpbC5jb20iLCJpYXQiOjE3MzAwOTE4NzYsImV4cCI6MTczMDA5MzY3Nn0.PlUrkFSFqsHbgcnBBimSZpS8ufzbLGc38MntcJfZwpQ
2024-10-28T10:34:40.443+05:30  INFO 20836 --- [api-gateway] [reactor-http-nio-7] c.e.a.filter.JwtAuthenticationFilter     : Extracted Token: eyJhbGciOiJIUzI1NiJ9.eyJzdWIiOiJza0BnbWFpbC5jb20iLCJpYXQiOjE3MzAwOTE4NzYsImV4cCI6MTczMDA5MzY3Nn0.PlUrkFSFqsHbgcnBBimSZpS8ufzbLGc38MntcJfZwpQ
2024-10-28T10:34:40.445+05:30  INFO 20836 --- [api-gateway] [reactor-http-nio-7] c.e.a.filter.JwtAuthenticationFilter     : JWT claims: {sub=sk@gmail.com, iat=1730091876, exp=1730093676}
2024-10-28T10:38:46.767+05:30  INFO 20836 --- [api-gateway] [AsyncResolver-bootstrap-executor-%d] c.n.d.s.r.aws.ConfigClusterResolver      : Resolving eureka endpoints via configuration
2024-10-28T10:43:46.772+05:30  INFO 20836 --- [api-gateway] [AsyncResolver-bootstrap-executor-%d] c.n.d.s.r.aws.ConfigClusterResolver      : Resolving eureka endpoints via configuration
2024-10-28T10:48:46.779+05:30  INFO 20836 --- [api-gateway] [AsyncResolver-bootstrap-executor-%d] c.n.d.s.r.aws.ConfigClusterResolver      : Resolving eureka endpoints via configuration
2024-10-28T10:53:46.793+05:30  INFO 20836 --- [api-gateway] [AsyncResolver-bootstrap-executor-%d] c.n.d.s.r.aws.ConfigClusterResolver      : Resolving eureka endpoints via configuration
2024-10-28T10:58:46.800+05:30  INFO 20836 --- [api-gateway] [AsyncResolver-bootstrap-executor-%d] c.n.d.s.r.aws.ConfigClusterResolver      : Resolving eureka endpoints via configuration
2024-10-28T11:03:46.808+05:30  INFO 20836 --- [api-gateway] [AsyncResolver-bootstrap-executor-%d] c.n.d.s.r.aws.ConfigClusterResolver      : Resolving eureka endpoints via configuration
2024-10-28T11:08:23.381+05:30  INFO 20836 --- [api-gateway] [reactor-http-nio-1] c.e.a.filter.JwtAuthenticationFilter     : Authorization Header: Bearer eyJhbGciOiJIUzI1NiJ9.eyJzdWIiOiJrZEBnbWFpbC5jb20iLCJpYXQiOjE3MzAwOTM5MDAsImV4cCI6MTczMDA5NTcwMH0.mGM8_7rC3dSBd7a4yWxH7SmFd9FG18OeVW16Ko4q4lg
2024-10-28T11:08:23.381+05:30  INFO 20836 --- [api-gateway] [reactor-http-nio-1] c.e.a.filter.JwtAuthenticationFilter     : Extracted Token: eyJhbGciOiJIUzI1NiJ9.eyJzdWIiOiJrZEBnbWFpbC5jb20iLCJpYXQiOjE3MzAwOTM5MDAsImV4cCI6MTczMDA5NTcwMH0.mGM8_7rC3dSBd7a4yWxH7SmFd9FG18OeVW16Ko4q4lg
2024-10-28T11:08:23.382+05:30  INFO 20836 --- [api-gateway] [reactor-http-nio-1] c.e.a.filter.JwtAuthenticationFilter     : JWT claims: {sub=kd@gmail.com, iat=1730093900, exp=1730095700}
2024-10-28T11:08:46.823+05:30  INFO 20836 --- [api-gateway] [AsyncResolver-bootstrap-executor-%d] c.n.d.s.r.aws.ConfigClusterResolver      : Resolving eureka endpoints via configuration
2024-10-28T11:13:46.839+05:30  INFO 20836 --- [api-gateway] [AsyncResolver-bootstrap-executor-%d] c.n.d.s.r.aws.ConfigClusterResolver      : Resolving eureka endpoints via configuration
2024-10-28T11:16:12.694+05:30  INFO 20836 --- [api-gateway] [reactor-http-nio-5] c.e.a.filter.JwtAuthenticationFilter     : Authorization Header: Bearer eyJhbGciOiJIUzI1NiJ9.eyJzdWIiOiJza0BnbWFpbC5jb20iLCJpYXQiOjE3MzAwOTQzNzIsImV4cCI6MTczMDA5NjE3Mn0.6nKVPxrmP5iSLINQRhwnWFBe5yCk0AtU-LRR0hA8uLA
2024-10-28T11:16:12.695+05:30  INFO 20836 --- [api-gateway] [reactor-http-nio-5] c.e.a.filter.JwtAuthenticationFilter     : Extracted Token: eyJhbGciOiJIUzI1NiJ9.eyJzdWIiOiJza0BnbWFpbC5jb20iLCJpYXQiOjE3MzAwOTQzNzIsImV4cCI6MTczMDA5NjE3Mn0.6nKVPxrmP5iSLINQRhwnWFBe5yCk0AtU-LRR0hA8uLA
2024-10-28T11:16:12.696+05:30  INFO 20836 --- [api-gateway] [reactor-http-nio-5] c.e.a.filter.JwtAuthenticationFilter     : JWT claims: {sub=sk@gmail.com, iat=1730094372, exp=1730096172}
2024-10-28T11:16:36.407+05:30  INFO 20836 --- [api-gateway] [reactor-http-nio-5] c.e.a.filter.JwtAuthenticationFilter     : Authorization Header: Bearer eyJhbGciOiJIUzI1NiJ9.eyJzdWIiOiJrZEBnbWFpbC5jb20iLCJpYXQiOjE3MzAwOTQzOTYsImV4cCI6MTczMDA5NjE5Nn0.KlNSVh51Ixcwg0ApS2LwClr0SQOqGP46Y5nDCEJvHrg
2024-10-28T11:16:36.407+05:30  INFO 20836 --- [api-gateway] [reactor-http-nio-5] c.e.a.filter.JwtAuthenticationFilter     : Extracted Token: eyJhbGciOiJIUzI1NiJ9.eyJzdWIiOiJrZEBnbWFpbC5jb20iLCJpYXQiOjE3MzAwOTQzOTYsImV4cCI6MTczMDA5NjE5Nn0.KlNSVh51Ixcwg0ApS2LwClr0SQOqGP46Y5nDCEJvHrg
2024-10-28T11:16:36.408+05:30  INFO 20836 --- [api-gateway] [reactor-http-nio-5] c.e.a.filter.JwtAuthenticationFilter     : JWT claims: {sub=kd@gmail.com, iat=1730094396, exp=1730096196}
2024-10-28T11:16:40.685+05:30  INFO 20836 --- [api-gateway] [reactor-http-nio-4] c.e.a.filter.JwtAuthenticationFilter     : Authorization Header: Bearer eyJhbGciOiJIUzI1NiJ9.eyJzdWIiOiJrZEBnbWFpbC5jb20iLCJpYXQiOjE3MzAwOTQzOTYsImV4cCI6MTczMDA5NjE5Nn0.KlNSVh51Ixcwg0ApS2LwClr0SQOqGP46Y5nDCEJvHrg
2024-10-28T11:16:40.685+05:30  INFO 20836 --- [api-gateway] [reactor-http-nio-4] c.e.a.filter.JwtAuthenticationFilter     : Extracted Token: eyJhbGciOiJIUzI1NiJ9.eyJzdWIiOiJrZEBnbWFpbC5jb20iLCJpYXQiOjE3MzAwOTQzOTYsImV4cCI6MTczMDA5NjE5Nn0.KlNSVh51Ixcwg0ApS2LwClr0SQOqGP46Y5nDCEJvHrg
2024-10-28T11:16:40.685+05:30  INFO 20836 --- [api-gateway] [reactor-http-nio-4] c.e.a.filter.JwtAuthenticationFilter     : JWT claims: {sub=kd@gmail.com, iat=1730094396, exp=1730096196}
2024-10-28T11:18:46.845+05:30  INFO 20836 --- [api-gateway] [AsyncResolver-bootstrap-executor-%d] c.n.d.s.r.aws.ConfigClusterResolver      : Resolving eureka endpoints via configuration
2024-10-28T11:23:46.855+05:30  INFO 20836 --- [api-gateway] [AsyncResolver-bootstrap-executor-%d] c.n.d.s.r.aws.ConfigClusterResolver      : Resolving eureka endpoints via configuration
2024-10-28T11:28:46.858+05:30  INFO 20836 --- [api-gateway] [AsyncResolver-bootstrap-executor-%d] c.n.d.s.r.aws.ConfigClusterResolver      : Resolving eureka endpoints via configuration
